<?xml version="1.0" encoding="UTF-8"?>
<testng-results skipped="0" failed="0" total="1" passed="1">
  <reporter-output>
  </reporter-output>
  <suite name="Default suite" duration-ms="7757" started-at="2019-07-29T05:32:22Z" finished-at="2019-07-29T05:32:30Z">
    <groups>
    </groups>
    <test name="Default test" duration-ms="7757" started-at="2019-07-29T05:32:22Z" finished-at="2019-07-29T05:32:30Z">
      <class name="com.qait.android.TestChrome2">
        <test-method status="PASS" signature="launchGmail()[pri:0, instance:com.qait.android.TestChrome2@42e26948]" name="launchGmail" duration-ms="7745" started-at="2019-07-29T11:02:22Z" finished-at="2019-07-29T11:02:30Z">
          <reporter-output>
          </reporter-output>
        </test-method> <!-- launchGmail -->
      </class> <!-- com.qait.android.TestChrome2 -->
    </test> <!-- Default test -->
  </suite> <!-- Default suite -->
</testng-results>
